Tugas 1 Modsim 

Number of work stations                   15

Number of machines in each station         3    2    4    3    1    3    2    4    3    1    3    2    4    3    1

Number of job types                       18

Number of tasks for each job type          8    7    9    7    6    8    9    8   10    8    7    9    7    6    8    9    8   10

Distribution function of job types     0.045   0.120   0.150   0.225   0.350   0.400   0.430   0.480   0.500   0.545   0.620   0.650   0.725   0.850   0.900   0.930   0.980   1.000

Mean interarrival time of jobs          1.00 hours

Length of the simulation               365.2 eight-hour days


Job type     Work stations on route

   1            3    1    2    5   13   11   12   15

   2            3    1    2    5   14   11   13

   3            3    1    2    5   12   15   11   14   13

   4            4    1    3   13   11   12   15

   5            4    1    3   14   11   13

   6            4    1    3   12   15   11   14   13

   7            2    5    1    4    3   13   11   12   15

   8            2    5    1    4    3   14   11   13

   9            2    5    1    4    3   12   15   11   14   13

  10            8    6    7   10   13   11   12   15

  11            8    6    7   10   14   11   13

  12            8    6    7   10   12   15   11   14   13

  13            9    6    8   13   11   12   15

  14            9    6    8   14   11   13

  15            9    6    8   12   15   11   14   13

  16            7   10    6    9    8   13   11   12   15

  17            7   10    6    9    8   14   11   13

  18            7   10    6    9    8   12   15   11   14   13


Job type     Mean service time (in hours) for successive tasks

   1         0.50     0.60     0.85     0.50     0.50     0.60     0.85     0.50

   2         0.50     0.60     0.85     0.50     1.10     0.80     0.75

   3         0.50     0.60     0.85     0.50     1.20     0.25     0.70     0.90     1.00

   4         1.10     0.80     0.75     0.50     0.60     0.85     0.50

   5         1.10     0.80     0.75     1.10     0.80     0.75

   6         1.10     0.80     0.75     1.20     0.25     0.70     0.90     1.00

   7         1.20     0.25     0.70     0.90     1.00     0.50     0.60     0.85     0.50

   8         1.20     0.25     0.70     0.90     1.00     1.10     0.80     0.75

   9         1.20     0.25     0.70     0.90     1.00     1.20     0.25     0.70     0.90     1.00

  10         0.50     0.60     0.85     0.50     0.50     0.60     0.85     0.50

  11         0.50     0.60     0.85     0.50     1.10     0.80     0.75

  12         0.50     0.60     0.85     0.50     1.20     0.25     0.70     0.90     1.00

  13         1.10     0.80     0.75     0.50     0.60     0.85     0.50

  14         1.10     0.80     0.75     1.10     0.80     0.75

  15         1.10     0.80     0.75     1.20     0.25     0.70     0.90     1.00

  16         1.20     0.25     0.70     0.90     1.00     0.50     0.60     0.85     0.50

  17         1.20     0.25     0.70     0.90     1.00     1.10     0.80     0.75

  18         1.20     0.25     0.70     0.90     1.00     1.20     0.25     0.70     0.90     1.00



Job type     Average total delay in queue

   1                      0.162

   2                      0.094

   3                      0.169

   4                      0.147

   5                      0.034

   6                      0.142

   7                      0.197

   8                      0.071

   9                      0.175

  10                      0.196

  11                      5.464

  12                      0.217

  13                      0.136

  14                      0.046

  15                      0.143

  16                      0.153

  17                      0.078

  18                      0.256

Overall average job total delay =     0.517



 Work      Average number      Average       Average delay
station       in queue       utilization        in queue

   1            0.001            0.121            0.458

   2            0.003            0.124            9.991

   3            0.000            0.091            0.000

   4            0.000            0.119            0.020

   5            0.009            0.100            3.684

   6            0.001            0.120            0.418

   7            0.006            0.128            4.385

   8            0.000            0.093            0.000

   9            0.000            0.124            0.189

  10            0.008            0.097            7.734

  11            0.008            0.242            2.442

  12            0.026            0.247            0.052

  13            0.001            0.177            0.001

  14            0.017            0.244            0.024

  15            0.033            0.195            0.067