Job-shop model

Number of work stations                    3

Number of machines in each station         1    1    1

Number of job types                        2

Number of tasks for each job type          2    2

Distribution function of job types     0.500   1.000

Mean interarrival time of jobs          0.50 hours

Length of the simulation               365.0 eight-hour days


Job type     Work stations on route

   1            1    3

   2            2    3


Job type     Mean service time (in hours) for successive tasks

   1         0.30     0.30

   2         0.30     0.30



Job type     Average total delay in queue

   1                      0.424

   2                      0.414

Overall average job total delay =     0.419



 Work      Average number      Average       Average delay
station       in queue       utilization        in queue

   1            0.106            0.309            0.103

   2            0.092            0.297            0.092

   3            0.651            0.607            0.321